
> bumpfree@0.1.0 build
> next build

npm : 鈿?Warning: Nex
t.js inferred your w
orkspace root, but i
t may not be correct
.
所在位置 行:1 字符: 1
+ npm run build 2>&1
 | Out-File -FilePat
h .\build2.log -Enco
ding utf8;  ...
+ ~~~~~~~~~~~~~~~~~~
    + CategoryInfo  
            : NotS  
  pecified: (鈿?Wa   
 rning: Next...n    
ot be correct.:    S
tring) [], Rem    ot
eException
    + FullyQualifie 
   dErrorId : Nati  
  veCommandError
 
 We detected multipl
e lockfiles and sele
cted the directory o
f C:\Users\SF\packag
e-lock.json as the r
oot directory.
 To silence this war
ning, set `turbopack
.root` in your Next.
js config, or consid
er removing one of t
he lockfiles if it's
 not needed.
   See https://nextj
s.org/docs/app/api-r
eference/config/next
-config-js/turbopack
#root-directory for 
more information.
 Detected additional
 lockfiles: 
   * C:\Users\SF\pro
grammings\bumpfree\p
ackage-lock.json

鈻?Next.js 16.1.6 (Turbopack)

鈿?The "middleware" f
ile convention is de
precated. Please use
 "proxy" instead. Le
arn more: https://ne
xtjs.org/docs/messag
es/middleware-to-pro
xy
  Creating an optimized production build ...
Turbopack build enco
untered 2 warnings:
[next]/internal/font
/google/geist_a71539
c9.module.css
Error while requesti
ng resource
There was an issue e
stablishing a connec
tion while requestin
g https://fonts.goog
leapis.com/css2?fami
ly=Geist:wght@100..9
00&display=swap

Import trace:
  Server Component:
    [next]/internal/
font/google/geist_a7
1539c9.module.css
    [next]/internal/
font/google/geist_a7
1539c9.js
    ./programmings/b
umpfree/app/layout.t
sx


[next]/internal/font
/google/geist_mono_8
d43a2aa.module.css
Error while requesti
ng resource
There was an issue e
stablishing a connec
tion while requestin
g https://fonts.goog
leapis.com/css2?fami
ly=Geist+Mono:wght@1
00..900&display=swap

Import trace:
  Server Component:
    [next]/internal/
font/google/geist_mo
no_8d43a2aa.module.c
ss
    [next]/internal/
font/google/geist_mo
no_8d43a2aa.js
    ./programmings/b
umpfree/app/layout.t
sx



> Build error occurr
ed
Error: Turbopack bui
ld failed with 2 err
ors:
[next]/internal/font
/google/geist_a71539
c9.module.css
next/font: error:
Failed to fetch `Gei
st` from Google Font
s.

Import trace:
  Server Component:
    [next]/internal/
font/google/geist_a7
1539c9.module.css
    [next]/internal/
font/google/geist_a7
1539c9.js
    ./programmings/b
umpfree/app/layout.t
sx


[next]/internal/font
/google/geist_mono_8
d43a2aa.module.css
next/font: error:
Failed to fetch `Gei
st Mono` from Google
 Fonts.

Import trace:
  Server Component:
    [next]/internal/
font/google/geist_mo
no_8d43a2aa.module.c
ss
    [next]/internal/
font/google/geist_mo
no_8d43a2aa.js
    ./programmings/b
umpfree/app/layout.t
sx


    at ignore-listed
 frames
